2022-02-06 20:58:08,410 INFO org.springframework.boot.StartupInfoLogger [restartedMain] Starting Application using Java 1.8.0_202 on EDUARDO-VILLAMIZAR with PID 6188 (C:\Users\eduardo.villamizar\Documents\ADN\Mensajeria\java-arquitectura-hexagonal\microservicio\build\classes\java\main started by eduardo.villamizar in C:\Users\eduardo.villamizar\Documents\ADN\Mensajeria)
2022-02-06 20:58:08,420 INFO org.springframework.boot.SpringApplication [restartedMain] No active profile set, falling back to default profiles: default
2022-02-06 20:58:08,467 INFO org.springframework.boot.logging.DeferredLog [restartedMain] Devtools property defaults active! Set 'spring.devtools.add-properties' to 'false' to disable
2022-02-06 20:58:08,495 INFO org.springframework.boot.logging.DeferredLog [restartedMain] For additional web related logging consider setting the 'logging.level.web' property to 'DEBUG'
2022-02-06 20:58:10,509 INFO com.ulisesbocchio.jasyptspringboot.configuration.EnableEncryptablePropertiesBeanFactoryPostProcessor [restartedMain] Post-processing PropertySource instances
2022-02-06 20:58:10,637 INFO com.ulisesbocchio.jasyptspringboot.EncryptablePropertySourceConverter [restartedMain] Converting PropertySource configurationProperties [org.springframework.boot.context.properties.source.ConfigurationPropertySourcesPropertySource] to AOP Proxy
2022-02-06 20:58:10,637 INFO com.ulisesbocchio.jasyptspringboot.EncryptablePropertySourceConverter [restartedMain] Converting PropertySource servletConfigInitParams [org.springframework.core.env.PropertySource$StubPropertySource] to EncryptablePropertySourceWrapper
2022-02-06 20:58:10,637 INFO com.ulisesbocchio.jasyptspringboot.EncryptablePropertySourceConverter [restartedMain] Converting PropertySource servletContextInitParams [org.springframework.core.env.PropertySource$StubPropertySource] to EncryptablePropertySourceWrapper
2022-02-06 20:58:10,637 INFO com.ulisesbocchio.jasyptspringboot.EncryptablePropertySourceConverter [restartedMain] Converting PropertySource systemProperties [org.springframework.core.env.PropertiesPropertySource] to EncryptableMapPropertySourceWrapper
2022-02-06 20:58:10,637 INFO com.ulisesbocchio.jasyptspringboot.EncryptablePropertySourceConverter [restartedMain] Converting PropertySource systemEnvironment [org.springframework.boot.env.SystemEnvironmentPropertySourceEnvironmentPostProcessor$OriginAwareSystemEnvironmentPropertySource] to EncryptableMapPropertySourceWrapper
2022-02-06 20:58:10,637 INFO com.ulisesbocchio.jasyptspringboot.EncryptablePropertySourceConverter [restartedMain] Converting PropertySource random [org.springframework.boot.env.RandomValuePropertySource] to EncryptablePropertySourceWrapper
2022-02-06 20:58:10,637 INFO com.ulisesbocchio.jasyptspringboot.EncryptablePropertySourceConverter [restartedMain] Converting PropertySource Config resource 'class path resource [application.yaml]' via location 'optional:classpath:/' [org.springframework.boot.env.OriginTrackedMapPropertySource] to EncryptableMapPropertySourceWrapper
2022-02-06 20:58:10,637 INFO com.ulisesbocchio.jasyptspringboot.EncryptablePropertySourceConverter [restartedMain] Converting PropertySource devtools [org.springframework.core.env.MapPropertySource] to EncryptableMapPropertySourceWrapper
2022-02-06 20:58:10,668 INFO com.ulisesbocchio.jasyptspringboot.filter.DefaultLazyPropertyFilter [restartedMain] Property Filter custom Bean not found with name 'encryptablePropertyFilter'. Initializing Default Property Filter
2022-02-06 20:58:10,811 INFO com.ulisesbocchio.jasyptspringboot.resolver.DefaultLazyPropertyResolver [restartedMain] Property Resolver custom Bean not found with name 'encryptablePropertyResolver'. Initializing Default Property Resolver
2022-02-06 20:58:10,811 INFO com.ulisesbocchio.jasyptspringboot.detector.DefaultLazyPropertyDetector [restartedMain] Property Detector custom Bean not found with name 'encryptablePropertyDetector'. Initializing Default Property Detector
2022-02-06 20:58:11,251 INFO org.springframework.boot.web.embedded.tomcat.TomcatWebServer [restartedMain] Tomcat initialized with port(s): 9092 (http)
2022-02-06 20:58:11,267 INFO org.apache.juli.logging.DirectJDKLog [restartedMain] Initializing ProtocolHandler ["http-nio-9092"]
2022-02-06 20:58:11,267 INFO org.apache.juli.logging.DirectJDKLog [restartedMain] Starting service [Tomcat]
2022-02-06 20:58:11,267 INFO org.apache.juli.logging.DirectJDKLog [restartedMain] Starting Servlet engine: [Apache Tomcat/9.0.50]
2022-02-06 20:58:11,424 INFO org.apache.juli.logging.DirectJDKLog [restartedMain] Initializing Spring embedded WebApplicationContext
2022-02-06 20:58:11,424 INFO org.springframework.boot.web.servlet.context.ServletWebServerApplicationContext [restartedMain] Root WebApplicationContext: initialization completed in 2929 ms
2022-02-06 20:58:11,630 INFO com.zaxxer.hikari.HikariDataSource [restartedMain] pool - Starting...
2022-02-06 20:58:11,838 INFO com.zaxxer.hikari.HikariDataSource [restartedMain] pool - Start completed.
2022-02-06 20:58:11,854 INFO org.springframework.boot.autoconfigure.h2.H2ConsoleAutoConfiguration [restartedMain] H2 console available at '/h2-console'. Database available at 'jdbc:h2:~/send'
2022-02-06 20:58:12,011 INFO org.flywaydb.core.internal.logging.slf4j.Slf4jLog [restartedMain] Flyway Community Edition 5.2.1 by Boxfuse
2022-02-06 20:58:12,011 INFO org.flywaydb.core.internal.logging.slf4j.Slf4jLog [restartedMain] Database: jdbc:h2:~/send (H2 1.4)
2022-02-06 20:58:12,043 WARN org.flywaydb.core.internal.logging.slf4j.Slf4jLog [restartedMain] Flyway upgrade recommended: H2 1.4.200 is newer than this version of Flyway and support has not been tested.
2022-02-06 20:58:12,115 INFO org.flywaydb.core.internal.logging.slf4j.Slf4jLog [restartedMain] Successfully validated 2 migrations (execution time 00:00.028s)
2022-02-06 20:58:12,130 INFO org.flywaydb.core.internal.logging.slf4j.Slf4jLog [restartedMain] Current version of schema "PUBLIC": 2.0
2022-02-06 20:58:12,130 INFO org.flywaydb.core.internal.logging.slf4j.Slf4jLog [restartedMain] Schema "PUBLIC" is up to date. No migration necessary.
2022-02-06 20:58:12,867 INFO org.springframework.boot.actuate.endpoint.web.EndpointLinksResolver [restartedMain] Exposing 1 endpoint(s) beneath base path '/actuator'
2022-02-06 20:58:12,998 INFO springfox.documentation.spring.web.PropertySourcedRequestMappingHandlerMapping [restartedMain] Mapped URL path [/v2/api-docs] onto method [springfox.documentation.swagger2.web.Swagger2Controller#getDocumentation(String, HttpServletRequest)]
2022-02-06 20:58:13,115 INFO org.springframework.boot.devtools.autoconfigure.OptionalLiveReloadServer [restartedMain] LiveReload server is running on port 35729
2022-02-06 20:58:13,438 INFO org.apache.juli.logging.DirectJDKLog [restartedMain] Starting ProtocolHandler ["http-nio-9092"]
2022-02-06 20:58:13,466 INFO org.springframework.boot.web.embedded.tomcat.TomcatWebServer [restartedMain] Tomcat started on port(s): 9092 (http) with context path '/Envio'
2022-02-06 20:58:13,466 INFO springfox.documentation.spring.web.plugins.DocumentationPluginsBootstrapper [restartedMain] Context refreshed
2022-02-06 20:58:13,524 INFO springfox.documentation.spring.web.plugins.DocumentationPluginsBootstrapper [restartedMain] Found 1 custom documentation plugin(s)
2022-02-06 20:58:13,572 INFO springfox.documentation.spring.web.scanners.ApiListingReferenceScanner [restartedMain] Scanning for api listing references
2022-02-06 20:58:13,763 INFO springfox.documentation.spring.web.readers.operation.CachingOperationNameGenerator [restartedMain] Generating unique operation named: listarUsingGET_1
2022-02-06 20:58:13,810 INFO org.springframework.boot.StartupInfoLogger [restartedMain] Started Application in 6.128 seconds (JVM running for 7.01)
2022-02-06 20:58:14,167 INFO org.apache.juli.logging.DirectJDKLog [RMI TCP Connection(3)-192.168.0.23] Initializing Spring DispatcherServlet 'dispatcherServlet'
2022-02-06 20:58:14,167 INFO org.springframework.web.servlet.FrameworkServlet [RMI TCP Connection(3)-192.168.0.23] Initializing Servlet 'dispatcherServlet'
2022-02-06 20:58:14,167 INFO org.springframework.web.servlet.FrameworkServlet [RMI TCP Connection(3)-192.168.0.23] Completed initialization in 0 ms
2022-02-06 20:58:49,790 WARN org.springframework.web.servlet.handler.AbstractHandlerExceptionResolver [http-nio-9092-exec-3] Resolved [com.ceiba.dominio.excepcion.ExcepcionDuplicidad: Nombre de usuario se encuentra registrado]
2022-02-06 20:58:58,222 WARN org.springframework.web.servlet.handler.AbstractHandlerExceptionResolver [http-nio-9092-exec-5] Resolved [com.ceiba.dominio.excepcion.ExcepcionValorObligatorio: Se requiere ingresar el nombre del usuario]
2022-02-06 20:59:06,127 WARN org.springframework.web.servlet.handler.AbstractHandlerExceptionResolver [http-nio-9092-exec-7] Resolved [com.ceiba.dominio.excepcion.ExcepcionDuplicidad: Nombre de usuario se encuentra registrado]
2022-02-06 20:59:37,263 WARN org.springframework.web.servlet.handler.AbstractHandlerExceptionResolver [http-nio-9092-exec-2] Resolved [com.ceiba.dominio.excepcion.ExcepcionDuplicidad: Nombre de usuario se encuentra registrado]
2022-02-06 21:13:13,071 INFO com.zaxxer.hikari.HikariDataSource [SpringApplicationShutdownHook] pool - Shutdown initiated...
2022-02-06 21:13:13,087 INFO com.zaxxer.hikari.HikariDataSource [SpringApplicationShutdownHook] pool - Shutdown completed.
